2024-12-15 07:08:10,378 [DEBUG] BrachioGraph: New drawing started at timestamp: 20241215_070810
2024-12-15 07:08:10,378 [DEBUG] BrachioGraph: Generated thresholds:
2024-12-15 07:08:10,378 [DEBUG] BrachioGraph: Tired: 4, Lazy: 4, Rebellious: 2, Cynical: 4, Depressed: 5, Lonely: 3
2024-12-15 07:08:10,378 [DEBUG] BrachioGraph: Chosen component files: W1=/home/kli63/dev/CPSC334/FinalProject/assets/data/components/middle/json/sticks_10_middle.json, W2=/home/kli63/dev/CPSC334/FinalProject/assets/data/components/top_left/json/sticks_3_top_left.json, W3=/home/kli63/dev/CPSC334/FinalProject/assets/data/components/top_right/json/sticks_10_top_right.json, Signature=/home/kli63/dev/CPSC334/FinalProject/assets/data/components/signature/json/signature.json
2024-12-15 07:08:10,378 [DEBUG] BrachioGraph: State: HAPPY, drawing in progress.
2024-12-15 07:08:10,380 [DEBUG] BrachioGraph: Starting to draw component: Window 1, duration: 10s, file: /home/kli63/dev/CPSC334/FinalProject/assets/data/components/middle/json/sticks_10_middle.json
2024-12-15 07:08:13,982 [DEBUG] BrachioGraph: User interaction: Positive in state HAPPY
2024-12-15 07:08:13,982 [DEBUG] BrachioGraph: Global counters: P=1,N=0,A=0 | Behavior counters: PB=0,NB=0,AB=0
2024-12-15 07:08:15,558 [DEBUG] BrachioGraph: User interaction: Positive in state HAPPY
2024-12-15 07:08:15,558 [DEBUG] BrachioGraph: Global counters: P=2,N=0,A=0 | Behavior counters: PB=0,NB=0,AB=0
2024-12-15 07:08:20,402 [DEBUG] BrachioGraph: Finished drawing component: Window 1
2024-12-15 07:08:20,403 [DEBUG] BrachioGraph: Moving to next phase after component index: 0
2024-12-15 07:08:20,403 [DEBUG] BrachioGraph: Transitioned to SENTIENT
2024-12-15 07:08:20,405 [DEBUG] BrachioGraph: Executing drawing behavior: Sentient
2024-12-15 07:08:20,406 [DEBUG] BrachioGraph: Starting behavior: Sentient, duration: 10s, file: /home/kli63/dev/CPSC334/FinalProject/assets/data/behaviors/portraits/json/painter.json
2024-12-15 07:08:22,446 [DEBUG] BrachioGraph: User interaction: Positive in state SENTIENT
2024-12-15 07:08:22,446 [DEBUG] BrachioGraph: Global counters: P=3,N=0,A=0 | Behavior counters: PB=0,NB=0,AB=0
2024-12-15 07:08:22,447 [DEBUG] BrachioGraph: Special interaction received during SENTIENT/ENLIGHTENED
2024-12-15 07:08:22,783 [DEBUG] BrachioGraph: User interaction: Positive in state SENTIENT
2024-12-15 07:08:22,783 [DEBUG] BrachioGraph: Global counters: P=4,N=0,A=0 | Behavior counters: PB=0,NB=0,AB=0
2024-12-15 07:08:30,423 [DEBUG] BrachioGraph: Finished behavior: Sentient
2024-12-15 07:08:30,424 [DEBUG] BrachioGraph: Drawing behavior Sentient completed naturally.
2024-12-15 07:08:30,424 [DEBUG] BrachioGraph: Drawing finished, state -> IDLE
